<?xml version="1.0" encoding="UTF-8"?>
<!-- Generated by org.testng.reporters.JUnitXMLReporter -->
<testsuite ignored="0" hostname="LAPTOP-1FK3MS3J" failures="1" tests="5" name="smoke" time="0.087" errors="0" timestamp="2023-02-14T20:59:14 IST">
  <testcase classname="test.AmazonCartPage" name="Artpage2" time="0.017">
    <failure type="java.lang.AssertionError" message="expected [true] but found [false]">
      <![CDATA[java.lang.AssertionError: expected [true] but found [false]
at test.AmazonCartPage.Artpage2(AmazonCartPage.java:29)
at java.base/java.util.ArrayList.forEach(ArrayList.java:1511)
... Removed 29 stack frames]]>
    </failure>
  </testcase> <!-- Artpage2 -->
  <testcase classname="test.AmazonCartPage" name="Gartpage3" time="0.005"/>
  <testcase classname="test.AmazonCartPage" name="Gartpage3" time="0.0"/>
  <testcase classname="test.AmazonCartPage" name="Gartpage3" time="0.0"/>
  <testcase classname="test.AmazonCartPage" name="Wartpage" time="0.009"/>
</testsuite> <!-- smoke -->
